-------------------------------------------------------------------------------
Test set: com.example.demo.companytest.CompanyTest
-------------------------------------------------------------------------------
Tests run: 1, Failures: 0, Errors: 1, Skipped: 0, Time elapsed: 0.285 s <<< FAILURE! - in com.example.demo.companytest.CompanyTest
test(com.example.demo.companytest.CompanyTest)  Time elapsed: 0.001 s  <<< ERROR!
java.lang.IllegalStateException: Failed to load ApplicationContext
Caused by: java.lang.IllegalStateException: Failed to add PropertySource to Environment
Caused by: java.io.FileNotFoundException: class path resource [test-application.properties] cannot be opened because it does not exist

